Arguments: 
  C:\Program Files\nodejs\node.exe C:\Users\MINH TOAN\AppData\Roaming\npm\node_modules\yarn\bin\yarn.js add @nomiclabs/hardhat-ethers

PATH: 
  C:\Program Files (x86)\VMware\VMware Workstation\bin\;C:\Windows\system32;C:\Windows;C:\Windows\System32\Wbem;C:\Windows\System32\WindowsPowerShell\v1.0\;C:\Windows\System32\OpenSSH\;C:\Program Files\dotnet\;C:\Program Files (x86)\NVIDIA Corporation\PhysX\Common;C:\Program Files\nodejs\;C:\Program Files\Microsoft SQL Server\150\Tools\Binn\;C:\Program Files\Microsoft SQL Server\Client SDK\ODBC\170\Tools\Binn\;C:\Program Files\Git;C:\Program Files\Git\cmd;C:\Program Files\Git\bin;C:\WINDOWS\system32;C:\WINDOWS;C:\WINDOWS\System32\Wbem;C:\WINDOWS\System32\WindowsPowerShell\v1.0\;C:\WINDOWS\System32\OpenSSH\;C:\Program Files\Git;C:\Program Files\Java\jdk-17;C:\Program Files (x86)\Microsoft SQL Server\160\Tools\Binn\;C:\Program Files\Microsoft SQL Server\160\Tools\Binn\;C:\Program Files\Microsoft SQL Server\160\DTS\Binn\;C:\Program Files (x86)\Microsoft SQL Server\160\DTS\Binn\;C:\Program Files\Azure Data Studio\bin;C:\Program Files\PuTTY\;C:\Users\MINH TOAN\.cargo\bin;C:\Users\MINH TOAN\AppData\Local\Microsoft\WindowsApps;C:\Users\MINH TOAN\AppData\Roaming\npm;C:\Users\MINH TOAN\.dotnet\tools;C:\Users\MINH TOAN\AppData\Local\Programs\Microsoft VS Code\bin;C:\Program Files\Git;C:\Program Files\Git\cmd;C:\Program Files\Git\bin;C:\Program Files\JetBrains\IntelliJ IDEA 2023.1.2\bin;;C:\Program Files\Azure Data Studio\bin;C:\Users\MINH TOAN\.cargo\bin;

Yarn version: 
  1.22.19

Node version: 
  18.16.0

Platform: 
  win32 x64

Trace: 
  Error: EPERM: operation not permitted, unlink 'D:\vehicle_registration_website\smart_contract\node_modules\@nomicfoundation\solidity-analyzer-win32-x64-msvc\solidity-analyzer.win32-x64-msvc.node'

npm manifest: 
  {
    "name": "hardhat-project",
    "devDependencies": {
      "@nomicfoundation/hardhat-toolbox": "^3.0.0",
      "hardhat": "^2.17.2"
    }
  }

yarn manifest: 
  No manifest

Lockfile: 
  No lockfile
